<?xml version="1.0" encoding="UTF-8"?>
<testsuite xmlns:xsi="http://www.w3.org/2001/XMLSchema-instance" xsi:noNamespaceSchemaLocation="https://maven.apache.org/surefire/maven-surefire-plugin/xsd/surefire-test-report.xsd" name="com.neighborhood.msneighborhood.MsNeighborhoodApplicationTests" time="58.245" tests="1" errors="0" skipped="0" failures="0">
  <properties>
    <property name="java.specification.version" value="13"/>
    <property name="sun.cpu.isalist" value="amd64"/>
    <property name="sun.jnu.encoding" value="Cp1252"/>
    <property name="java.class.path" value="C:\Utilisateurs\A762211\eclipse-workspace\ocp12-neighborhood-app\ms-neighborhood\target\test-classes;C:\Utilisateurs\A762211\eclipse-workspace\ocp12-neighborhood-app\ms-neighborhood\target\classes;C:\env\m2_clone\org\springframework\boot\spring-boot-starter-data-jdbc\2.3.10.RELEASE\spring-boot-starter-data-jdbc-2.3.10.RELEASE.jar;C:\env\m2_clone\org\springframework\boot\spring-boot-starter-jdbc\2.3.10.RELEASE\spring-boot-starter-jdbc-2.3.10.RELEASE.jar;C:\env\m2_clone\com\zaxxer\HikariCP\3.4.5\HikariCP-3.4.5.jar;C:\env\m2_clone\org\springframework\spring-jdbc\5.2.14.RELEASE\spring-jdbc-5.2.14.RELEASE.jar;C:\env\m2_clone\org\springframework\data\spring-data-jdbc\2.0.9.RELEASE\spring-data-jdbc-2.0.9.RELEASE.jar;C:\env\m2_clone\org\springframework\data\spring-data-relational\2.0.9.RELEASE\spring-data-relational-2.0.9.RELEASE.jar;C:\env\m2_clone\org\springframework\data\spring-data-commons\2.3.9.RELEASE\spring-data-commons-2.3.9.RELEASE.jar;C:\env\m2_clone\org\springframework\spring-tx\5.2.14.RELEASE\spring-tx-5.2.14.RELEASE.jar;C:\env\m2_clone\org\springframework\spring-context\5.2.14.RELEASE\spring-context-5.2.14.RELEASE.jar;C:\env\m2_clone\org\springframework\spring-beans\5.2.14.RELEASE\spring-beans-5.2.14.RELEASE.jar;C:\env\m2_clone\org\slf4j\slf4j-api\1.7.30\slf4j-api-1.7.30.jar;C:\env\m2_clone\org\springframework\boot\spring-boot-starter-data-jpa\2.3.10.RELEASE\spring-boot-starter-data-jpa-2.3.10.RELEASE.jar;C:\env\m2_clone\org\springframework\boot\spring-boot-starter-aop\2.3.10.RELEASE\spring-boot-starter-aop-2.3.10.RELEASE.jar;C:\env\m2_clone\org\aspectj\aspectjweaver\1.9.6\aspectjweaver-1.9.6.jar;C:\env\m2_clone\jakarta\transaction\jakarta.transaction-api\1.3.3\jakarta.transaction-api-1.3.3.jar;C:\env\m2_clone\jakarta\persistence\jakarta.persistence-api\2.2.3\jakarta.persistence-api-2.2.3.jar;C:\env\m2_clone\org\hibernate\hibernate-core\5.4.30.Final\hibernate-core-5.4.30.Final.jar;C:\env\m2_clone\org\jboss\logging\jboss-logging\3.4.1.Final\jboss-logging-3.4.1.Final.jar;C:\env\m2_clone\org\javassist\javassist\3.27.0-GA\javassist-3.27.0-GA.jar;C:\env\m2_clone\net\bytebuddy\byte-buddy\1.10.22\byte-buddy-1.10.22.jar;C:\env\m2_clone\antlr\antlr\2.7.7\antlr-2.7.7.jar;C:\env\m2_clone\org\jboss\jandex\2.2.3.Final\jandex-2.2.3.Final.jar;C:\env\m2_clone\com\fasterxml\classmate\1.5.1\classmate-1.5.1.jar;C:\env\m2_clone\org\dom4j\dom4j\2.1.3\dom4j-2.1.3.jar;C:\env\m2_clone\org\hibernate\common\hibernate-commons-annotations\5.1.2.Final\hibernate-commons-annotations-5.1.2.Final.jar;C:\env\m2_clone\org\springframework\data\spring-data-jpa\2.3.9.RELEASE\spring-data-jpa-2.3.9.RELEASE.jar;C:\env\m2_clone\org\springframework\spring-orm\5.2.14.RELEASE\spring-orm-5.2.14.RELEASE.jar;C:\env\m2_clone\org\springframework\spring-aspects\5.2.14.RELEASE\spring-aspects-5.2.14.RELEASE.jar;C:\env\m2_clone\org\springframework\boot\spring-boot-starter-data-rest\2.3.10.RELEASE\spring-boot-starter-data-rest-2.3.10.RELEASE.jar;C:\env\m2_clone\org\springframework\data\spring-data-rest-webmvc\3.3.9.RELEASE\spring-data-rest-webmvc-3.3.9.RELEASE.jar;C:\env\m2_clone\org\springframework\data\spring-data-rest-core\3.3.9.RELEASE\spring-data-rest-core-3.3.9.RELEASE.jar;C:\env\m2_clone\org\springframework\hateoas\spring-hateoas\1.1.5.RELEASE\spring-hateoas-1.1.5.RELEASE.jar;C:\env\m2_clone\org\springframework\plugin\spring-plugin-core\2.0.0.RELEASE\spring-plugin-core-2.0.0.RELEASE.jar;C:\env\m2_clone\org\atteo\evo-inflector\1.2.2\evo-inflector-1.2.2.jar;C:\env\m2_clone\com\fasterxml\jackson\core\jackson-annotations\2.11.4\jackson-annotations-2.11.4.jar;C:\env\m2_clone\org\springframework\boot\spring-boot-starter-oauth2-client\2.3.10.RELEASE\spring-boot-starter-oauth2-client-2.3.10.RELEASE.jar;C:\env\m2_clone\org\springframework\boot\spring-boot-starter\2.3.10.RELEASE\spring-boot-starter-2.3.10.RELEASE.jar;C:\env\m2_clone\org\springframework\boot\spring-boot-starter-logging\2.3.10.RELEASE\spring-boot-starter-logging-2.3.10.RELEASE.jar;C:\env\m2_clone\ch\qos\logback\logback-classic\1.2.3\logback-classic-1.2.3.jar;C:\env\m2_clone\ch\qos\logback\logback-core\1.2.3\logback-core-1.2.3.jar;C:\env\m2_clone\org\apache\logging\log4j\log4j-to-slf4j\2.13.3\log4j-to-slf4j-2.13.3.jar;C:\env\m2_clone\org\apache\logging\log4j\log4j-api\2.13.3\log4j-api-2.13.3.jar;C:\env\m2_clone\org\slf4j\jul-to-slf4j\1.7.30\jul-to-slf4j-1.7.30.jar;C:\env\m2_clone\jakarta\annotation\jakarta.annotation-api\1.3.5\jakarta.annotation-api-1.3.5.jar;C:\env\m2_clone\org\yaml\snakeyaml\1.26\snakeyaml-1.26.jar;C:\env\m2_clone\com\sun\mail\jakarta.mail\1.6.7\jakarta.mail-1.6.7.jar;C:\env\m2_clone\com\sun\activation\jakarta.activation\1.2.2\jakarta.activation-1.2.2.jar;C:\env\m2_clone\org\springframework\security\spring-security-config\5.3.9.RELEASE\spring-security-config-5.3.9.RELEASE.jar;C:\env\m2_clone\org\springframework\security\spring-security-core\5.3.9.RELEASE\spring-security-core-5.3.9.RELEASE.jar;C:\env\m2_clone\org\springframework\spring-expression\5.2.14.RELEASE\spring-expression-5.2.14.RELEASE.jar;C:\env\m2_clone\org\springframework\security\spring-security-oauth2-client\5.3.9.RELEASE\spring-security-oauth2-client-5.3.9.RELEASE.jar;C:\env\m2_clone\com\nimbusds\oauth2-oidc-sdk\7.1.3\oauth2-oidc-sdk-7.1.3.jar;C:\env\m2_clone\com\github\stephenc\jcip\jcip-annotations\1.0-1\jcip-annotations-1.0-1.jar;C:\env\m2_clone\com\nimbusds\content-type\2.0\content-type-2.0.jar;C:\env\m2_clone\com\nimbusds\lang-tag\1.4.4\lang-tag-1.4.4.jar;C:\env\m2_clone\org\springframework\security\spring-security-oauth2-core\5.3.9.RELEASE\spring-security-oauth2-core-5.3.9.RELEASE.jar;C:\env\m2_clone\org\springframework\security\spring-security-oauth2-jose\5.3.9.RELEASE\spring-security-oauth2-jose-5.3.9.RELEASE.jar;C:\env\m2_clone\com\nimbusds\nimbus-jose-jwt\8.19\nimbus-jose-jwt-8.19.jar;C:\env\m2_clone\org\springframework\boot\spring-boot-starter-security\2.3.10.RELEASE\spring-boot-starter-security-2.3.10.RELEASE.jar;C:\env\m2_clone\org\springframework\spring-aop\5.2.14.RELEASE\spring-aop-5.2.14.RELEASE.jar;C:\env\m2_clone\org\springframework\security\spring-security-web\5.3.9.RELEASE\spring-security-web-5.3.9.RELEASE.jar;C:\env\m2_clone\org\springframework\boot\spring-boot-starter-web\2.3.10.RELEASE\spring-boot-starter-web-2.3.10.RELEASE.jar;C:\env\m2_clone\org\springframework\boot\spring-boot-starter-json\2.3.10.RELEASE\spring-boot-starter-json-2.3.10.RELEASE.jar;C:\env\m2_clone\com\fasterxml\jackson\datatype\jackson-datatype-jdk8\2.11.4\jackson-datatype-jdk8-2.11.4.jar;C:\env\m2_clone\com\fasterxml\jackson\datatype\jackson-datatype-jsr310\2.11.4\jackson-datatype-jsr310-2.11.4.jar;C:\env\m2_clone\com\fasterxml\jackson\module\jackson-module-parameter-names\2.11.4\jackson-module-parameter-names-2.11.4.jar;C:\env\m2_clone\org\springframework\boot\spring-boot-starter-tomcat\2.3.10.RELEASE\spring-boot-starter-tomcat-2.3.10.RELEASE.jar;C:\env\m2_clone\org\apache\tomcat\embed\tomcat-embed-core\9.0.45\tomcat-embed-core-9.0.45.jar;C:\env\m2_clone\org\glassfish\jakarta.el\3.0.3\jakarta.el-3.0.3.jar;C:\env\m2_clone\org\apache\tomcat\embed\tomcat-embed-websocket\9.0.45\tomcat-embed-websocket-9.0.45.jar;C:\env\m2_clone\org\springframework\spring-web\5.2.14.RELEASE\spring-web-5.2.14.RELEASE.jar;C:\env\m2_clone\org\springframework\spring-webmvc\5.2.14.RELEASE\spring-webmvc-5.2.14.RELEASE.jar;C:\env\m2_clone\org\springframework\boot\spring-boot-devtools\2.3.10.RELEASE\spring-boot-devtools-2.3.10.RELEASE.jar;C:\env\m2_clone\org\springframework\boot\spring-boot\2.3.10.RELEASE\spring-boot-2.3.10.RELEASE.jar;C:\env\m2_clone\org\springframework\boot\spring-boot-autoconfigure\2.3.10.RELEASE\spring-boot-autoconfigure-2.3.10.RELEASE.jar;C:\env\m2_clone\mysql\mysql-connector-java\8.0.23\mysql-connector-java-8.0.23.jar;C:\env\m2_clone\org\springframework\boot\spring-boot-starter-test\2.3.10.RELEASE\spring-boot-starter-test-2.3.10.RELEASE.jar;C:\env\m2_clone\org\springframework\boot\spring-boot-test\2.3.10.RELEASE\spring-boot-test-2.3.10.RELEASE.jar;C:\env\m2_clone\org\springframework\boot\spring-boot-test-autoconfigure\2.3.10.RELEASE\spring-boot-test-autoconfigure-2.3.10.RELEASE.jar;C:\env\m2_clone\com\jayway\jsonpath\json-path\2.4.0\json-path-2.4.0.jar;C:\env\m2_clone\net\minidev\json-smart\2.3\json-smart-2.3.jar;C:\env\m2_clone\net\minidev\accessors-smart\1.2\accessors-smart-1.2.jar;C:\env\m2_clone\org\ow2\asm\asm\5.0.4\asm-5.0.4.jar;C:\env\m2_clone\jakarta\xml\bind\jakarta.xml.bind-api\2.3.3\jakarta.xml.bind-api-2.3.3.jar;C:\env\m2_clone\jakarta\activation\jakarta.activation-api\1.2.2\jakarta.activation-api-1.2.2.jar;C:\env\m2_clone\org\assertj\assertj-core\3.16.1\assertj-core-3.16.1.jar;C:\env\m2_clone\org\hamcrest\hamcrest\2.2\hamcrest-2.2.jar;C:\env\m2_clone\org\junit\jupiter\junit-jupiter\5.6.3\junit-jupiter-5.6.3.jar;C:\env\m2_clone\org\junit\jupiter\junit-jupiter-api\5.6.3\junit-jupiter-api-5.6.3.jar;C:\env\m2_clone\org\apiguardian\apiguardian-api\1.1.0\apiguardian-api-1.1.0.jar;C:\env\m2_clone\org\opentest4j\opentest4j\1.2.0\opentest4j-1.2.0.jar;C:\env\m2_clone\org\junit\platform\junit-platform-commons\1.6.3\junit-platform-commons-1.6.3.jar;C:\env\m2_clone\org\junit\jupiter\junit-jupiter-params\5.6.3\junit-jupiter-params-5.6.3.jar;C:\env\m2_clone\org\junit\jupiter\junit-jupiter-engine\5.6.3\junit-jupiter-engine-5.6.3.jar;C:\env\m2_clone\org\junit\platform\junit-platform-engine\1.6.3\junit-platform-engine-1.6.3.jar;C:\env\m2_clone\org\mockito\mockito-core\3.3.3\mockito-core-3.3.3.jar;C:\env\m2_clone\net\bytebuddy\byte-buddy-agent\1.10.22\byte-buddy-agent-1.10.22.jar;C:\env\m2_clone\org\objenesis\objenesis\2.6\objenesis-2.6.jar;C:\env\m2_clone\org\mockito\mockito-junit-jupiter\3.3.3\mockito-junit-jupiter-3.3.3.jar;C:\env\m2_clone\org\skyscreamer\jsonassert\1.5.0\jsonassert-1.5.0.jar;C:\env\m2_clone\com\vaadin\external\google\android-json\0.0.20131108.vaadin1\android-json-0.0.20131108.vaadin1.jar;C:\env\m2_clone\org\springframework\spring-core\5.2.14.RELEASE\spring-core-5.2.14.RELEASE.jar;C:\env\m2_clone\org\springframework\spring-jcl\5.2.14.RELEASE\spring-jcl-5.2.14.RELEASE.jar;C:\env\m2_clone\org\springframework\spring-test\5.2.14.RELEASE\spring-test-5.2.14.RELEASE.jar;C:\env\m2_clone\org\xmlunit\xmlunit-core\2.7.0\xmlunit-core-2.7.0.jar;C:\env\m2_clone\com\h2database\h2\1.4.200\h2-1.4.200.jar;C:\env\m2_clone\org\springframework\security\spring-security-test\5.3.9.RELEASE\spring-security-test-5.3.9.RELEASE.jar;C:\env\m2_clone\io\github\openfeign\feign-core\9.5.1\feign-core-9.5.1.jar;C:\env\m2_clone\org\springframework\cloud\spring-cloud-starter-config\2.2.4.RELEASE\spring-cloud-starter-config-2.2.4.RELEASE.jar;C:\env\m2_clone\org\springframework\cloud\spring-cloud-starter\2.2.4.RELEASE\spring-cloud-starter-2.2.4.RELEASE.jar;C:\env\m2_clone\org\springframework\cloud\spring-cloud-context\2.2.4.RELEASE\spring-cloud-context-2.2.4.RELEASE.jar;C:\env\m2_clone\org\springframework\security\spring-security-rsa\1.0.9.RELEASE\spring-security-rsa-1.0.9.RELEASE.jar;C:\env\m2_clone\org\bouncycastle\bcpkix-jdk15on\1.64\bcpkix-jdk15on-1.64.jar;C:\env\m2_clone\org\bouncycastle\bcprov-jdk15on\1.64\bcprov-jdk15on-1.64.jar;C:\env\m2_clone\org\springframework\cloud\spring-cloud-config-client\2.2.4.RELEASE\spring-cloud-config-client-2.2.4.RELEASE.jar;C:\env\m2_clone\com\fasterxml\jackson\core\jackson-databind\2.11.4\jackson-databind-2.11.4.jar;C:\env\m2_clone\com\fasterxml\jackson\core\jackson-core\2.11.4\jackson-core-2.11.4.jar;C:\env\m2_clone\org\springframework\boot\spring-boot-configuration-processor\2.3.10.RELEASE\spring-boot-configuration-processor-2.3.10.RELEASE.jar;C:\env\m2_clone\org\springframework\cloud\spring-cloud-starter-netflix-eureka-server\2.2.4.RELEASE\spring-cloud-starter-netflix-eureka-server-2.2.4.RELEASE.jar;C:\env\m2_clone\org\springframework\cloud\spring-cloud-netflix-eureka-server\2.2.4.RELEASE\spring-cloud-netflix-eureka-server-2.2.4.RELEASE.jar;C:\env\m2_clone\org\springframework\boot\spring-boot-starter-actuator\2.3.10.RELEASE\spring-boot-starter-actuator-2.3.10.RELEASE.jar;C:\env\m2_clone\org\springframework\boot\spring-boot-actuator-autoconfigure\2.3.10.RELEASE\spring-boot-actuator-autoconfigure-2.3.10.RELEASE.jar;C:\env\m2_clone\org\springframework\boot\spring-boot-actuator\2.3.10.RELEASE\spring-boot-actuator-2.3.10.RELEASE.jar;C:\env\m2_clone\io\micrometer\micrometer-core\1.5.13\micrometer-core-1.5.13.jar;C:\env\m2_clone\org\latencyutils\LatencyUtils\2.0.3\LatencyUtils-2.0.3.jar;C:\env\m2_clone\org\springframework\boot\spring-boot-starter-freemarker\2.3.10.RELEASE\spring-boot-starter-freemarker-2.3.10.RELEASE.jar;C:\env\m2_clone\org\freemarker\freemarker\2.3.31\freemarker-2.3.31.jar;C:\env\m2_clone\org\springframework\spring-context-support\5.2.14.RELEASE\spring-context-support-5.2.14.RELEASE.jar;C:\env\m2_clone\org\springframework\cloud\spring-cloud-netflix-hystrix\2.2.4.RELEASE\spring-cloud-netflix-hystrix-2.2.4.RELEASE.jar;C:\env\m2_clone\org\springframework\cloud\spring-cloud-netflix-eureka-client\2.2.4.RELEASE\spring-cloud-netflix-eureka-client-2.2.4.RELEASE.jar;C:\env\m2_clone\com\netflix\eureka\eureka-client\1.9.25\eureka-client-1.9.25.jar;C:\env\m2_clone\org\codehaus\jettison\jettison\1.3.7\jettison-1.3.7.jar;C:\env\m2_clone\stax\stax-api\1.0.1\stax-api-1.0.1.jar;C:\env\m2_clone\com\netflix\netflix-commons\netflix-eventbus\0.3.0\netflix-eventbus-0.3.0.jar;C:\env\m2_clone\com\netflix\netflix-commons\netflix-infix\0.3.0\netflix-infix-0.3.0.jar;C:\env\m2_clone\commons-jxpath\commons-jxpath\1.3\commons-jxpath-1.3.jar;C:\env\m2_clone\joda-time\joda-time\2.3\joda-time-2.3.jar;C:\env\m2_clone\org\antlr\antlr-runtime\3.4\antlr-runtime-3.4.jar;C:\env\m2_clone\org\antlr\stringtemplate\3.2.1\stringtemplate-3.2.1.jar;C:\env\m2_clone\com\google\code\gson\gson\2.8.6\gson-2.8.6.jar;C:\env\m2_clone\org\apache\commons\commons-math\2.2\commons-math-2.2.jar;C:\env\m2_clone\javax\ws\rs\jsr311-api\1.1.1\jsr311-api-1.1.1.jar;C:\env\m2_clone\com\netflix\servo\servo-core\0.12.21\servo-core-0.12.21.jar;C:\env\m2_clone\com\sun\jersey\jersey-core\1.19.1\jersey-core-1.19.1.jar;C:\env\m2_clone\com\sun\jersey\contribs\jersey-apache-client4\1.19.1\jersey-apache-client4-1.19.1.jar;C:\env\m2_clone\org\apache\httpcomponents\httpclient\4.5.13\httpclient-4.5.13.jar;C:\env\m2_clone\org\apache\httpcomponents\httpcore\4.4.14\httpcore-4.4.14.jar;C:\env\m2_clone\commons-codec\commons-codec\1.14\commons-codec-1.14.jar;C:\env\m2_clone\com\google\inject\guice\4.1.0\guice-4.1.0.jar;C:\env\m2_clone\aopalliance\aopalliance\1.0\aopalliance-1.0.jar;C:\env\m2_clone\com\sun\jersey\jersey-servlet\1.19.1\jersey-servlet-1.19.1.jar;C:\env\m2_clone\com\sun\jersey\jersey-server\1.19.1\jersey-server-1.19.1.jar;C:\env\m2_clone\com\sun\jersey\jersey-client\1.19.1\jersey-client-1.19.1.jar;C:\env\m2_clone\com\netflix\eureka\eureka-core\1.9.25\eureka-core-1.9.25.jar;C:\env\m2_clone\com\fasterxml\woodstox\woodstox-core\5.3.0\woodstox-core-5.3.0.jar;C:\env\m2_clone\com\netflix\archaius\archaius-core\0.7.6\archaius-core-0.7.6.jar;C:\env\m2_clone\com\google\code\findbugs\jsr305\3.0.1\jsr305-3.0.1.jar;C:\env\m2_clone\com\google\guava\guava\29.0-jre\guava-29.0-jre.jar;C:\env\m2_clone\com\google\guava\failureaccess\1.0.1\failureaccess-1.0.1.jar;C:\env\m2_clone\com\google\guava\listenablefuture\9999.0-empty-to-avoid-conflict-with-guava\listenablefuture-9999.0-empty-to-avoid-conflict-with-guava.jar;C:\env\m2_clone\org\checkerframework\checker-qual\2.11.1\checker-qual-2.11.1.jar;C:\env\m2_clone\com\google\errorprone\error_prone_annotations\2.3.4\error_prone_annotations-2.3.4.jar;C:\env\m2_clone\com\google\j2objc\j2objc-annotations\1.3\j2objc-annotations-1.3.jar;C:\env\m2_clone\javax\inject\javax.inject\1\javax.inject-1.jar;C:\env\m2_clone\com\fasterxml\jackson\dataformat\jackson-dataformat-xml\2.11.4\jackson-dataformat-xml-2.11.4.jar;C:\env\m2_clone\com\fasterxml\jackson\module\jackson-module-jaxb-annotations\2.11.4\jackson-module-jaxb-annotations-2.11.4.jar;C:\env\m2_clone\org\codehaus\woodstox\stax2-api\4.2.1\stax2-api-4.2.1.jar;C:\env\m2_clone\com\thoughtworks\xstream\xstream\1.4.11.1\xstream-1.4.11.1.jar;C:\env\m2_clone\xmlpull\xmlpull\1.1.3.1\xmlpull-1.1.3.1.jar;C:\env\m2_clone\xpp3\xpp3_min\1.1.4c\xpp3_min-1.1.4c.jar;C:\env\m2_clone\org\springframework\cloud\spring-cloud-starter-netflix-archaius\2.2.4.RELEASE\spring-cloud-starter-netflix-archaius-2.2.4.RELEASE.jar;C:\env\m2_clone\org\springframework\cloud\spring-cloud-netflix-ribbon\2.2.4.RELEASE\spring-cloud-netflix-ribbon-2.2.4.RELEASE.jar;C:\env\m2_clone\org\springframework\cloud\spring-cloud-netflix-archaius\2.2.4.RELEASE\spring-cloud-netflix-archaius-2.2.4.RELEASE.jar;C:\env\m2_clone\commons-configuration\commons-configuration\1.8\commons-configuration-1.8.jar;C:\env\m2_clone\commons-lang\commons-lang\2.6\commons-lang-2.6.jar;C:\env\m2_clone\org\springframework\cloud\spring-cloud-starter-netflix-ribbon\2.2.4.RELEASE\spring-cloud-starter-netflix-ribbon-2.2.4.RELEASE.jar;C:\env\m2_clone\com\netflix\ribbon\ribbon\2.3.0\ribbon-2.3.0.jar;C:\env\m2_clone\com\netflix\ribbon\ribbon-transport\2.3.0\ribbon-transport-2.3.0.jar;C:\env\m2_clone\io\reactivex\rxnetty-contexts\0.4.9\rxnetty-contexts-0.4.9.jar;C:\env\m2_clone\io\reactivex\rxnetty-servo\0.4.9\rxnetty-servo-0.4.9.jar;C:\env\m2_clone\io\reactivex\rxnetty\0.4.9\rxnetty-0.4.9.jar;C:\env\m2_clone\com\netflix\ribbon\ribbon-core\2.3.0\ribbon-core-2.3.0.jar;C:\env\m2_clone\com\netflix\ribbon\ribbon-httpclient\2.3.0\ribbon-httpclient-2.3.0.jar;C:\env\m2_clone\commons-collections\commons-collections\3.2.2\commons-collections-3.2.2.jar;C:\env\m2_clone\com\netflix\netflix-commons\netflix-commons-util\0.3.0\netflix-commons-util-0.3.0.jar;C:\env\m2_clone\com\netflix\ribbon\ribbon-loadbalancer\2.3.0\ribbon-loadbalancer-2.3.0.jar;C:\env\m2_clone\com\netflix\netflix-commons\netflix-statistics\0.1.1\netflix-statistics-0.1.1.jar;C:\env\m2_clone\io\reactivex\rxjava\1.3.8\rxjava-1.3.8.jar;C:\env\m2_clone\org\springframework\cloud\spring-cloud-starter-loadbalancer\2.2.4.RELEASE\spring-cloud-starter-loadbalancer-2.2.4.RELEASE.jar;C:\env\m2_clone\org\springframework\cloud\spring-cloud-loadbalancer\2.2.4.RELEASE\spring-cloud-loadbalancer-2.2.4.RELEASE.jar;C:\env\m2_clone\org\springframework\boot\spring-boot-starter-validation\2.3.10.RELEASE\spring-boot-starter-validation-2.3.10.RELEASE.jar;C:\env\m2_clone\org\hibernate\validator\hibernate-validator\6.1.7.Final\hibernate-validator-6.1.7.Final.jar;C:\env\m2_clone\jakarta\validation\jakarta.validation-api\2.0.2\jakarta.validation-api-2.0.2.jar;C:\env\m2_clone\io\projectreactor\reactor-core\3.3.16.RELEASE\reactor-core-3.3.16.RELEASE.jar;C:\env\m2_clone\org\reactivestreams\reactive-streams\1.0.3\reactive-streams-1.0.3.jar;C:\env\m2_clone\io\projectreactor\addons\reactor-extra\3.3.6.RELEASE\reactor-extra-3.3.6.RELEASE.jar;C:\env\m2_clone\org\springframework\boot\spring-boot-starter-cache\2.3.10.RELEASE\spring-boot-starter-cache-2.3.10.RELEASE.jar;C:\env\m2_clone\com\stoyanr\evictor\1.0.0\evictor-1.0.0.jar;C:\env\m2_clone\com\netflix\ribbon\ribbon-eureka\2.3.0\ribbon-eureka-2.3.0.jar;C:\env\m2_clone\org\glassfish\jaxb\jaxb-runtime\2.3.4\jaxb-runtime-2.3.4.jar;C:\env\m2_clone\org\glassfish\jaxb\txw2\2.3.4\txw2-2.3.4.jar;C:\env\m2_clone\com\sun\istack\istack-commons-runtime\3.0.12\istack-commons-runtime-3.0.12.jar;C:\env\m2_clone\org\springframework\cloud\spring-cloud-starter-openfeign\2.2.4.RELEASE\spring-cloud-starter-openfeign-2.2.4.RELEASE.jar;C:\env\m2_clone\org\springframework\cloud\spring-cloud-openfeign-core\2.2.4.RELEASE\spring-cloud-openfeign-core-2.2.4.RELEASE.jar;C:\env\m2_clone\io\github\openfeign\form\feign-form-spring\3.8.0\feign-form-spring-3.8.0.jar;C:\env\m2_clone\io\github\openfeign\form\feign-form\3.8.0\feign-form-3.8.0.jar;C:\env\m2_clone\commons-fileupload\commons-fileupload\1.4\commons-fileupload-1.4.jar;C:\env\m2_clone\commons-io\commons-io\2.2\commons-io-2.2.jar;C:\env\m2_clone\org\springframework\cloud\spring-cloud-commons\2.2.4.RELEASE\spring-cloud-commons-2.2.4.RELEASE.jar;C:\env\m2_clone\org\springframework\security\spring-security-crypto\5.3.9.RELEASE\spring-security-crypto-5.3.9.RELEASE.jar;C:\env\m2_clone\io\github\openfeign\feign-slf4j\10.10.1\feign-slf4j-10.10.1.jar;C:\env\m2_clone\io\github\openfeign\feign-hystrix\10.10.1\feign-hystrix-10.10.1.jar;C:\env\m2_clone\com\netflix\hystrix\hystrix-core\1.5.18\hystrix-core-1.5.18.jar;C:\env\m2_clone\org\hdrhistogram\HdrHistogram\2.1.9\HdrHistogram-2.1.9.jar;C:\env\m2_clone\org\springframework\restdocs\spring-restdocs-mockmvc\2.0.5.RELEASE\spring-restdocs-mockmvc-2.0.5.RELEASE.jar;C:\env\m2_clone\javax\servlet\javax.servlet-api\4.0.1\javax.servlet-api-4.0.1.jar;C:\env\m2_clone\org\springframework\restdocs\spring-restdocs-core\2.0.5.RELEASE\spring-restdocs-core-2.0.5.RELEASE.jar;"/>
    <property name="java.vm.vendor" value="Oracle Corporation"/>
    <property name="sun.arch.data.model" value="64"/>
    <property name="user.variant" value=""/>
    <property name="java.vendor.url" value="https://java.oracle.com/"/>
    <property name="user.timezone" value="Europe/Paris"/>
    <property name="os.name" value="Windows 7"/>
    <property name="java.vm.specification.version" value="13"/>
    <property name="sun.java.launcher" value="SUN_STANDARD"/>
    <property name="user.country" value="FR"/>
    <property name="sun.boot.library.path" value="C:\Javatools\java\jdk-13.0.2\bin"/>
    <property name="sun.java.command" value="C:\env\tmp-rw\surefire15987314626923429081\surefirebooter13154409210346717233.jar C:\env\tmp-rw\surefire15987314626923429081 2021-05-14T13-50-59_711-jvmRun1 surefire17084442804176663868tmp surefire_012637207718763200357tmp"/>
    <property name="jdk.debug" value="release"/>
    <property name="surefire.test.class.path" value="C:\Utilisateurs\A762211\eclipse-workspace\ocp12-neighborhood-app\ms-neighborhood\target\test-classes;C:\Utilisateurs\A762211\eclipse-workspace\ocp12-neighborhood-app\ms-neighborhood\target\classes;C:\env\m2_clone\org\springframework\boot\spring-boot-starter-data-jdbc\2.3.10.RELEASE\spring-boot-starter-data-jdbc-2.3.10.RELEASE.jar;C:\env\m2_clone\org\springframework\boot\spring-boot-starter-jdbc\2.3.10.RELEASE\spring-boot-starter-jdbc-2.3.10.RELEASE.jar;C:\env\m2_clone\com\zaxxer\HikariCP\3.4.5\HikariCP-3.4.5.jar;C:\env\m2_clone\org\springframework\spring-jdbc\5.2.14.RELEASE\spring-jdbc-5.2.14.RELEASE.jar;C:\env\m2_clone\org\springframework\data\spring-data-jdbc\2.0.9.RELEASE\spring-data-jdbc-2.0.9.RELEASE.jar;C:\env\m2_clone\org\springframework\data\spring-data-relational\2.0.9.RELEASE\spring-data-relational-2.0.9.RELEASE.jar;C:\env\m2_clone\org\springframework\data\spring-data-commons\2.3.9.RELEASE\spring-data-commons-2.3.9.RELEASE.jar;C:\env\m2_clone\org\springframework\spring-tx\5.2.14.RELEASE\spring-tx-5.2.14.RELEASE.jar;C:\env\m2_clone\org\springframework\spring-context\5.2.14.RELEASE\spring-context-5.2.14.RELEASE.jar;C:\env\m2_clone\org\springframework\spring-beans\5.2.14.RELEASE\spring-beans-5.2.14.RELEASE.jar;C:\env\m2_clone\org\slf4j\slf4j-api\1.7.30\slf4j-api-1.7.30.jar;C:\env\m2_clone\org\springframework\boot\spring-boot-starter-data-jpa\2.3.10.RELEASE\spring-boot-starter-data-jpa-2.3.10.RELEASE.jar;C:\env\m2_clone\org\springframework\boot\spring-boot-starter-aop\2.3.10.RELEASE\spring-boot-starter-aop-2.3.10.RELEASE.jar;C:\env\m2_clone\org\aspectj\aspectjweaver\1.9.6\aspectjweaver-1.9.6.jar;C:\env\m2_clone\jakarta\transaction\jakarta.transaction-api\1.3.3\jakarta.transaction-api-1.3.3.jar;C:\env\m2_clone\jakarta\persistence\jakarta.persistence-api\2.2.3\jakarta.persistence-api-2.2.3.jar;C:\env\m2_clone\org\hibernate\hibernate-core\5.4.30.Final\hibernate-core-5.4.30.Final.jar;C:\env\m2_clone\org\jboss\logging\jboss-logging\3.4.1.Final\jboss-logging-3.4.1.Final.jar;C:\env\m2_clone\org\javassist\javassist\3.27.0-GA\javassist-3.27.0-GA.jar;C:\env\m2_clone\net\bytebuddy\byte-buddy\1.10.22\byte-buddy-1.10.22.jar;C:\env\m2_clone\antlr\antlr\2.7.7\antlr-2.7.7.jar;C:\env\m2_clone\org\jboss\jandex\2.2.3.Final\jandex-2.2.3.Final.jar;C:\env\m2_clone\com\fasterxml\classmate\1.5.1\classmate-1.5.1.jar;C:\env\m2_clone\org\dom4j\dom4j\2.1.3\dom4j-2.1.3.jar;C:\env\m2_clone\org\hibernate\common\hibernate-commons-annotations\5.1.2.Final\hibernate-commons-annotations-5.1.2.Final.jar;C:\env\m2_clone\org\springframework\data\spring-data-jpa\2.3.9.RELEASE\spring-data-jpa-2.3.9.RELEASE.jar;C:\env\m2_clone\org\springframework\spring-orm\5.2.14.RELEASE\spring-orm-5.2.14.RELEASE.jar;C:\env\m2_clone\org\springframework\spring-aspects\5.2.14.RELEASE\spring-aspects-5.2.14.RELEASE.jar;C:\env\m2_clone\org\springframework\boot\spring-boot-starter-data-rest\2.3.10.RELEASE\spring-boot-starter-data-rest-2.3.10.RELEASE.jar;C:\env\m2_clone\org\springframework\data\spring-data-rest-webmvc\3.3.9.RELEASE\spring-data-rest-webmvc-3.3.9.RELEASE.jar;C:\env\m2_clone\org\springframework\data\spring-data-rest-core\3.3.9.RELEASE\spring-data-rest-core-3.3.9.RELEASE.jar;C:\env\m2_clone\org\springframework\hateoas\spring-hateoas\1.1.5.RELEASE\spring-hateoas-1.1.5.RELEASE.jar;C:\env\m2_clone\org\springframework\plugin\spring-plugin-core\2.0.0.RELEASE\spring-plugin-core-2.0.0.RELEASE.jar;C:\env\m2_clone\org\atteo\evo-inflector\1.2.2\evo-inflector-1.2.2.jar;C:\env\m2_clone\com\fasterxml\jackson\core\jackson-annotations\2.11.4\jackson-annotations-2.11.4.jar;C:\env\m2_clone\org\springframework\boot\spring-boot-starter-oauth2-client\2.3.10.RELEASE\spring-boot-starter-oauth2-client-2.3.10.RELEASE.jar;C:\env\m2_clone\org\springframework\boot\spring-boot-starter\2.3.10.RELEASE\spring-boot-starter-2.3.10.RELEASE.jar;C:\env\m2_clone\org\springframework\boot\spring-boot-starter-logging\2.3.10.RELEASE\spring-boot-starter-logging-2.3.10.RELEASE.jar;C:\env\m2_clone\ch\qos\logback\logback-classic\1.2.3\logback-classic-1.2.3.jar;C:\env\m2_clone\ch\qos\logback\logback-core\1.2.3\logback-core-1.2.3.jar;C:\env\m2_clone\org\apache\logging\log4j\log4j-to-slf4j\2.13.3\log4j-to-slf4j-2.13.3.jar;C:\env\m2_clone\org\apache\logging\log4j\log4j-api\2.13.3\log4j-api-2.13.3.jar;C:\env\m2_clone\org\slf4j\jul-to-slf4j\1.7.30\jul-to-slf4j-1.7.30.jar;C:\env\m2_clone\jakarta\annotation\jakarta.annotation-api\1.3.5\jakarta.annotation-api-1.3.5.jar;C:\env\m2_clone\org\yaml\snakeyaml\1.26\snakeyaml-1.26.jar;C:\env\m2_clone\com\sun\mail\jakarta.mail\1.6.7\jakarta.mail-1.6.7.jar;C:\env\m2_clone\com\sun\activation\jakarta.activation\1.2.2\jakarta.activation-1.2.2.jar;C:\env\m2_clone\org\springframework\security\spring-security-config\5.3.9.RELEASE\spring-security-config-5.3.9.RELEASE.jar;C:\env\m2_clone\org\springframework\security\spring-security-core\5.3.9.RELEASE\spring-security-core-5.3.9.RELEASE.jar;C:\env\m2_clone\org\springframework\spring-expression\5.2.14.RELEASE\spring-expression-5.2.14.RELEASE.jar;C:\env\m2_clone\org\springframework\security\spring-security-oauth2-client\5.3.9.RELEASE\spring-security-oauth2-client-5.3.9.RELEASE.jar;C:\env\m2_clone\com\nimbusds\oauth2-oidc-sdk\7.1.3\oauth2-oidc-sdk-7.1.3.jar;C:\env\m2_clone\com\github\stephenc\jcip\jcip-annotations\1.0-1\jcip-annotations-1.0-1.jar;C:\env\m2_clone\com\nimbusds\content-type\2.0\content-type-2.0.jar;C:\env\m2_clone\com\nimbusds\lang-tag\1.4.4\lang-tag-1.4.4.jar;C:\env\m2_clone\org\springframework\security\spring-security-oauth2-core\5.3.9.RELEASE\spring-security-oauth2-core-5.3.9.RELEASE.jar;C:\env\m2_clone\org\springframework\security\spring-security-oauth2-jose\5.3.9.RELEASE\spring-security-oauth2-jose-5.3.9.RELEASE.jar;C:\env\m2_clone\com\nimbusds\nimbus-jose-jwt\8.19\nimbus-jose-jwt-8.19.jar;C:\env\m2_clone\org\springframework\boot\spring-boot-starter-security\2.3.10.RELEASE\spring-boot-starter-security-2.3.10.RELEASE.jar;C:\env\m2_clone\org\springframework\spring-aop\5.2.14.RELEASE\spring-aop-5.2.14.RELEASE.jar;C:\env\m2_clone\org\springframework\security\spring-security-web\5.3.9.RELEASE\spring-security-web-5.3.9.RELEASE.jar;C:\env\m2_clone\org\springframework\boot\spring-boot-starter-web\2.3.10.RELEASE\spring-boot-starter-web-2.3.10.RELEASE.jar;C:\env\m2_clone\org\springframework\boot\spring-boot-starter-json\2.3.10.RELEASE\spring-boot-starter-json-2.3.10.RELEASE.jar;C:\env\m2_clone\com\fasterxml\jackson\datatype\jackson-datatype-jdk8\2.11.4\jackson-datatype-jdk8-2.11.4.jar;C:\env\m2_clone\com\fasterxml\jackson\datatype\jackson-datatype-jsr310\2.11.4\jackson-datatype-jsr310-2.11.4.jar;C:\env\m2_clone\com\fasterxml\jackson\module\jackson-module-parameter-names\2.11.4\jackson-module-parameter-names-2.11.4.jar;C:\env\m2_clone\org\springframework\boot\spring-boot-starter-tomcat\2.3.10.RELEASE\spring-boot-starter-tomcat-2.3.10.RELEASE.jar;C:\env\m2_clone\org\apache\tomcat\embed\tomcat-embed-core\9.0.45\tomcat-embed-core-9.0.45.jar;C:\env\m2_clone\org\glassfish\jakarta.el\3.0.3\jakarta.el-3.0.3.jar;C:\env\m2_clone\org\apache\tomcat\embed\tomcat-embed-websocket\9.0.45\tomcat-embed-websocket-9.0.45.jar;C:\env\m2_clone\org\springframework\spring-web\5.2.14.RELEASE\spring-web-5.2.14.RELEASE.jar;C:\env\m2_clone\org\springframework\spring-webmvc\5.2.14.RELEASE\spring-webmvc-5.2.14.RELEASE.jar;C:\env\m2_clone\org\springframework\boot\spring-boot-devtools\2.3.10.RELEASE\spring-boot-devtools-2.3.10.RELEASE.jar;C:\env\m2_clone\org\springframework\boot\spring-boot\2.3.10.RELEASE\spring-boot-2.3.10.RELEASE.jar;C:\env\m2_clone\org\springframework\boot\spring-boot-autoconfigure\2.3.10.RELEASE\spring-boot-autoconfigure-2.3.10.RELEASE.jar;C:\env\m2_clone\mysql\mysql-connector-java\8.0.23\mysql-connector-java-8.0.23.jar;C:\env\m2_clone\org\springframework\boot\spring-boot-starter-test\2.3.10.RELEASE\spring-boot-starter-test-2.3.10.RELEASE.jar;C:\env\m2_clone\org\springframework\boot\spring-boot-test\2.3.10.RELEASE\spring-boot-test-2.3.10.RELEASE.jar;C:\env\m2_clone\org\springframework\boot\spring-boot-test-autoconfigure\2.3.10.RELEASE\spring-boot-test-autoconfigure-2.3.10.RELEASE.jar;C:\env\m2_clone\com\jayway\jsonpath\json-path\2.4.0\json-path-2.4.0.jar;C:\env\m2_clone\net\minidev\json-smart\2.3\json-smart-2.3.jar;C:\env\m2_clone\net\minidev\accessors-smart\1.2\accessors-smart-1.2.jar;C:\env\m2_clone\org\ow2\asm\asm\5.0.4\asm-5.0.4.jar;C:\env\m2_clone\jakarta\xml\bind\jakarta.xml.bind-api\2.3.3\jakarta.xml.bind-api-2.3.3.jar;C:\env\m2_clone\jakarta\activation\jakarta.activation-api\1.2.2\jakarta.activation-api-1.2.2.jar;C:\env\m2_clone\org\assertj\assertj-core\3.16.1\assertj-core-3.16.1.jar;C:\env\m2_clone\org\hamcrest\hamcrest\2.2\hamcrest-2.2.jar;C:\env\m2_clone\org\junit\jupiter\junit-jupiter\5.6.3\junit-jupiter-5.6.3.jar;C:\env\m2_clone\org\junit\jupiter\junit-jupiter-api\5.6.3\junit-jupiter-api-5.6.3.jar;C:\env\m2_clone\org\apiguardian\apiguardian-api\1.1.0\apiguardian-api-1.1.0.jar;C:\env\m2_clone\org\opentest4j\opentest4j\1.2.0\opentest4j-1.2.0.jar;C:\env\m2_clone\org\junit\platform\junit-platform-commons\1.6.3\junit-platform-commons-1.6.3.jar;C:\env\m2_clone\org\junit\jupiter\junit-jupiter-params\5.6.3\junit-jupiter-params-5.6.3.jar;C:\env\m2_clone\org\junit\jupiter\junit-jupiter-engine\5.6.3\junit-jupiter-engine-5.6.3.jar;C:\env\m2_clone\org\junit\platform\junit-platform-engine\1.6.3\junit-platform-engine-1.6.3.jar;C:\env\m2_clone\org\mockito\mockito-core\3.3.3\mockito-core-3.3.3.jar;C:\env\m2_clone\net\bytebuddy\byte-buddy-agent\1.10.22\byte-buddy-agent-1.10.22.jar;C:\env\m2_clone\org\objenesis\objenesis\2.6\objenesis-2.6.jar;C:\env\m2_clone\org\mockito\mockito-junit-jupiter\3.3.3\mockito-junit-jupiter-3.3.3.jar;C:\env\m2_clone\org\skyscreamer\jsonassert\1.5.0\jsonassert-1.5.0.jar;C:\env\m2_clone\com\vaadin\external\google\android-json\0.0.20131108.vaadin1\android-json-0.0.20131108.vaadin1.jar;C:\env\m2_clone\org\springframework\spring-core\5.2.14.RELEASE\spring-core-5.2.14.RELEASE.jar;C:\env\m2_clone\org\springframework\spring-jcl\5.2.14.RELEASE\spring-jcl-5.2.14.RELEASE.jar;C:\env\m2_clone\org\springframework\spring-test\5.2.14.RELEASE\spring-test-5.2.14.RELEASE.jar;C:\env\m2_clone\org\xmlunit\xmlunit-core\2.7.0\xmlunit-core-2.7.0.jar;C:\env\m2_clone\com\h2database\h2\1.4.200\h2-1.4.200.jar;C:\env\m2_clone\org\springframework\security\spring-security-test\5.3.9.RELEASE\spring-security-test-5.3.9.RELEASE.jar;C:\env\m2_clone\io\github\openfeign\feign-core\9.5.1\feign-core-9.5.1.jar;C:\env\m2_clone\org\springframework\cloud\spring-cloud-starter-config\2.2.4.RELEASE\spring-cloud-starter-config-2.2.4.RELEASE.jar;C:\env\m2_clone\org\springframework\cloud\spring-cloud-starter\2.2.4.RELEASE\spring-cloud-starter-2.2.4.RELEASE.jar;C:\env\m2_clone\org\springframework\cloud\spring-cloud-context\2.2.4.RELEASE\spring-cloud-context-2.2.4.RELEASE.jar;C:\env\m2_clone\org\springframework\security\spring-security-rsa\1.0.9.RELEASE\spring-security-rsa-1.0.9.RELEASE.jar;C:\env\m2_clone\org\bouncycastle\bcpkix-jdk15on\1.64\bcpkix-jdk15on-1.64.jar;C:\env\m2_clone\org\bouncycastle\bcprov-jdk15on\1.64\bcprov-jdk15on-1.64.jar;C:\env\m2_clone\org\springframework\cloud\spring-cloud-config-client\2.2.4.RELEASE\spring-cloud-config-client-2.2.4.RELEASE.jar;C:\env\m2_clone\com\fasterxml\jackson\core\jackson-databind\2.11.4\jackson-databind-2.11.4.jar;C:\env\m2_clone\com\fasterxml\jackson\core\jackson-core\2.11.4\jackson-core-2.11.4.jar;C:\env\m2_clone\org\springframework\boot\spring-boot-configuration-processor\2.3.10.RELEASE\spring-boot-configuration-processor-2.3.10.RELEASE.jar;C:\env\m2_clone\org\springframework\cloud\spring-cloud-starter-netflix-eureka-server\2.2.4.RELEASE\spring-cloud-starter-netflix-eureka-server-2.2.4.RELEASE.jar;C:\env\m2_clone\org\springframework\cloud\spring-cloud-netflix-eureka-server\2.2.4.RELEASE\spring-cloud-netflix-eureka-server-2.2.4.RELEASE.jar;C:\env\m2_clone\org\springframework\boot\spring-boot-starter-actuator\2.3.10.RELEASE\spring-boot-starter-actuator-2.3.10.RELEASE.jar;C:\env\m2_clone\org\springframework\boot\spring-boot-actuator-autoconfigure\2.3.10.RELEASE\spring-boot-actuator-autoconfigure-2.3.10.RELEASE.jar;C:\env\m2_clone\org\springframework\boot\spring-boot-actuator\2.3.10.RELEASE\spring-boot-actuator-2.3.10.RELEASE.jar;C:\env\m2_clone\io\micrometer\micrometer-core\1.5.13\micrometer-core-1.5.13.jar;C:\env\m2_clone\org\latencyutils\LatencyUtils\2.0.3\LatencyUtils-2.0.3.jar;C:\env\m2_clone\org\springframework\boot\spring-boot-starter-freemarker\2.3.10.RELEASE\spring-boot-starter-freemarker-2.3.10.RELEASE.jar;C:\env\m2_clone\org\freemarker\freemarker\2.3.31\freemarker-2.3.31.jar;C:\env\m2_clone\org\springframework\spring-context-support\5.2.14.RELEASE\spring-context-support-5.2.14.RELEASE.jar;C:\env\m2_clone\org\springframework\cloud\spring-cloud-netflix-hystrix\2.2.4.RELEASE\spring-cloud-netflix-hystrix-2.2.4.RELEASE.jar;C:\env\m2_clone\org\springframework\cloud\spring-cloud-netflix-eureka-client\2.2.4.RELEASE\spring-cloud-netflix-eureka-client-2.2.4.RELEASE.jar;C:\env\m2_clone\com\netflix\eureka\eureka-client\1.9.25\eureka-client-1.9.25.jar;C:\env\m2_clone\org\codehaus\jettison\jettison\1.3.7\jettison-1.3.7.jar;C:\env\m2_clone\stax\stax-api\1.0.1\stax-api-1.0.1.jar;C:\env\m2_clone\com\netflix\netflix-commons\netflix-eventbus\0.3.0\netflix-eventbus-0.3.0.jar;C:\env\m2_clone\com\netflix\netflix-commons\netflix-infix\0.3.0\netflix-infix-0.3.0.jar;C:\env\m2_clone\commons-jxpath\commons-jxpath\1.3\commons-jxpath-1.3.jar;C:\env\m2_clone\joda-time\joda-time\2.3\joda-time-2.3.jar;C:\env\m2_clone\org\antlr\antlr-runtime\3.4\antlr-runtime-3.4.jar;C:\env\m2_clone\org\antlr\stringtemplate\3.2.1\stringtemplate-3.2.1.jar;C:\env\m2_clone\com\google\code\gson\gson\2.8.6\gson-2.8.6.jar;C:\env\m2_clone\org\apache\commons\commons-math\2.2\commons-math-2.2.jar;C:\env\m2_clone\javax\ws\rs\jsr311-api\1.1.1\jsr311-api-1.1.1.jar;C:\env\m2_clone\com\netflix\servo\servo-core\0.12.21\servo-core-0.12.21.jar;C:\env\m2_clone\com\sun\jersey\jersey-core\1.19.1\jersey-core-1.19.1.jar;C:\env\m2_clone\com\sun\jersey\contribs\jersey-apache-client4\1.19.1\jersey-apache-client4-1.19.1.jar;C:\env\m2_clone\org\apache\httpcomponents\httpclient\4.5.13\httpclient-4.5.13.jar;C:\env\m2_clone\org\apache\httpcomponents\httpcore\4.4.14\httpcore-4.4.14.jar;C:\env\m2_clone\commons-codec\commons-codec\1.14\commons-codec-1.14.jar;C:\env\m2_clone\com\google\inject\guice\4.1.0\guice-4.1.0.jar;C:\env\m2_clone\aopalliance\aopalliance\1.0\aopalliance-1.0.jar;C:\env\m2_clone\com\sun\jersey\jersey-servlet\1.19.1\jersey-servlet-1.19.1.jar;C:\env\m2_clone\com\sun\jersey\jersey-server\1.19.1\jersey-server-1.19.1.jar;C:\env\m2_clone\com\sun\jersey\jersey-client\1.19.1\jersey-client-1.19.1.jar;C:\env\m2_clone\com\netflix\eureka\eureka-core\1.9.25\eureka-core-1.9.25.jar;C:\env\m2_clone\com\fasterxml\woodstox\woodstox-core\5.3.0\woodstox-core-5.3.0.jar;C:\env\m2_clone\com\netflix\archaius\archaius-core\0.7.6\archaius-core-0.7.6.jar;C:\env\m2_clone\com\google\code\findbugs\jsr305\3.0.1\jsr305-3.0.1.jar;C:\env\m2_clone\com\google\guava\guava\29.0-jre\guava-29.0-jre.jar;C:\env\m2_clone\com\google\guava\failureaccess\1.0.1\failureaccess-1.0.1.jar;C:\env\m2_clone\com\google\guava\listenablefuture\9999.0-empty-to-avoid-conflict-with-guava\listenablefuture-9999.0-empty-to-avoid-conflict-with-guava.jar;C:\env\m2_clone\org\checkerframework\checker-qual\2.11.1\checker-qual-2.11.1.jar;C:\env\m2_clone\com\google\errorprone\error_prone_annotations\2.3.4\error_prone_annotations-2.3.4.jar;C:\env\m2_clone\com\google\j2objc\j2objc-annotations\1.3\j2objc-annotations-1.3.jar;C:\env\m2_clone\javax\inject\javax.inject\1\javax.inject-1.jar;C:\env\m2_clone\com\fasterxml\jackson\dataformat\jackson-dataformat-xml\2.11.4\jackson-dataformat-xml-2.11.4.jar;C:\env\m2_clone\com\fasterxml\jackson\module\jackson-module-jaxb-annotations\2.11.4\jackson-module-jaxb-annotations-2.11.4.jar;C:\env\m2_clone\org\codehaus\woodstox\stax2-api\4.2.1\stax2-api-4.2.1.jar;C:\env\m2_clone\com\thoughtworks\xstream\xstream\1.4.11.1\xstream-1.4.11.1.jar;C:\env\m2_clone\xmlpull\xmlpull\1.1.3.1\xmlpull-1.1.3.1.jar;C:\env\m2_clone\xpp3\xpp3_min\1.1.4c\xpp3_min-1.1.4c.jar;C:\env\m2_clone\org\springframework\cloud\spring-cloud-starter-netflix-archaius\2.2.4.RELEASE\spring-cloud-starter-netflix-archaius-2.2.4.RELEASE.jar;C:\env\m2_clone\org\springframework\cloud\spring-cloud-netflix-ribbon\2.2.4.RELEASE\spring-cloud-netflix-ribbon-2.2.4.RELEASE.jar;C:\env\m2_clone\org\springframework\cloud\spring-cloud-netflix-archaius\2.2.4.RELEASE\spring-cloud-netflix-archaius-2.2.4.RELEASE.jar;C:\env\m2_clone\commons-configuration\commons-configuration\1.8\commons-configuration-1.8.jar;C:\env\m2_clone\commons-lang\commons-lang\2.6\commons-lang-2.6.jar;C:\env\m2_clone\org\springframework\cloud\spring-cloud-starter-netflix-ribbon\2.2.4.RELEASE\spring-cloud-starter-netflix-ribbon-2.2.4.RELEASE.jar;C:\env\m2_clone\com\netflix\ribbon\ribbon\2.3.0\ribbon-2.3.0.jar;C:\env\m2_clone\com\netflix\ribbon\ribbon-transport\2.3.0\ribbon-transport-2.3.0.jar;C:\env\m2_clone\io\reactivex\rxnetty-contexts\0.4.9\rxnetty-contexts-0.4.9.jar;C:\env\m2_clone\io\reactivex\rxnetty-servo\0.4.9\rxnetty-servo-0.4.9.jar;C:\env\m2_clone\io\reactivex\rxnetty\0.4.9\rxnetty-0.4.9.jar;C:\env\m2_clone\com\netflix\ribbon\ribbon-core\2.3.0\ribbon-core-2.3.0.jar;C:\env\m2_clone\com\netflix\ribbon\ribbon-httpclient\2.3.0\ribbon-httpclient-2.3.0.jar;C:\env\m2_clone\commons-collections\commons-collections\3.2.2\commons-collections-3.2.2.jar;C:\env\m2_clone\com\netflix\netflix-commons\netflix-commons-util\0.3.0\netflix-commons-util-0.3.0.jar;C:\env\m2_clone\com\netflix\ribbon\ribbon-loadbalancer\2.3.0\ribbon-loadbalancer-2.3.0.jar;C:\env\m2_clone\com\netflix\netflix-commons\netflix-statistics\0.1.1\netflix-statistics-0.1.1.jar;C:\env\m2_clone\io\reactivex\rxjava\1.3.8\rxjava-1.3.8.jar;C:\env\m2_clone\org\springframework\cloud\spring-cloud-starter-loadbalancer\2.2.4.RELEASE\spring-cloud-starter-loadbalancer-2.2.4.RELEASE.jar;C:\env\m2_clone\org\springframework\cloud\spring-cloud-loadbalancer\2.2.4.RELEASE\spring-cloud-loadbalancer-2.2.4.RELEASE.jar;C:\env\m2_clone\org\springframework\boot\spring-boot-starter-validation\2.3.10.RELEASE\spring-boot-starter-validation-2.3.10.RELEASE.jar;C:\env\m2_clone\org\hibernate\validator\hibernate-validator\6.1.7.Final\hibernate-validator-6.1.7.Final.jar;C:\env\m2_clone\jakarta\validation\jakarta.validation-api\2.0.2\jakarta.validation-api-2.0.2.jar;C:\env\m2_clone\io\projectreactor\reactor-core\3.3.16.RELEASE\reactor-core-3.3.16.RELEASE.jar;C:\env\m2_clone\org\reactivestreams\reactive-streams\1.0.3\reactive-streams-1.0.3.jar;C:\env\m2_clone\io\projectreactor\addons\reactor-extra\3.3.6.RELEASE\reactor-extra-3.3.6.RELEASE.jar;C:\env\m2_clone\org\springframework\boot\spring-boot-starter-cache\2.3.10.RELEASE\spring-boot-starter-cache-2.3.10.RELEASE.jar;C:\env\m2_clone\com\stoyanr\evictor\1.0.0\evictor-1.0.0.jar;C:\env\m2_clone\com\netflix\ribbon\ribbon-eureka\2.3.0\ribbon-eureka-2.3.0.jar;C:\env\m2_clone\org\glassfish\jaxb\jaxb-runtime\2.3.4\jaxb-runtime-2.3.4.jar;C:\env\m2_clone\org\glassfish\jaxb\txw2\2.3.4\txw2-2.3.4.jar;C:\env\m2_clone\com\sun\istack\istack-commons-runtime\3.0.12\istack-commons-runtime-3.0.12.jar;C:\env\m2_clone\org\springframework\cloud\spring-cloud-starter-openfeign\2.2.4.RELEASE\spring-cloud-starter-openfeign-2.2.4.RELEASE.jar;C:\env\m2_clone\org\springframework\cloud\spring-cloud-openfeign-core\2.2.4.RELEASE\spring-cloud-openfeign-core-2.2.4.RELEASE.jar;C:\env\m2_clone\io\github\openfeign\form\feign-form-spring\3.8.0\feign-form-spring-3.8.0.jar;C:\env\m2_clone\io\github\openfeign\form\feign-form\3.8.0\feign-form-3.8.0.jar;C:\env\m2_clone\commons-fileupload\commons-fileupload\1.4\commons-fileupload-1.4.jar;C:\env\m2_clone\commons-io\commons-io\2.2\commons-io-2.2.jar;C:\env\m2_clone\org\springframework\cloud\spring-cloud-commons\2.2.4.RELEASE\spring-cloud-commons-2.2.4.RELEASE.jar;C:\env\m2_clone\org\springframework\security\spring-security-crypto\5.3.9.RELEASE\spring-security-crypto-5.3.9.RELEASE.jar;C:\env\m2_clone\io\github\openfeign\feign-slf4j\10.10.1\feign-slf4j-10.10.1.jar;C:\env\m2_clone\io\github\openfeign\feign-hystrix\10.10.1\feign-hystrix-10.10.1.jar;C:\env\m2_clone\com\netflix\hystrix\hystrix-core\1.5.18\hystrix-core-1.5.18.jar;C:\env\m2_clone\org\hdrhistogram\HdrHistogram\2.1.9\HdrHistogram-2.1.9.jar;C:\env\m2_clone\org\springframework\restdocs\spring-restdocs-mockmvc\2.0.5.RELEASE\spring-restdocs-mockmvc-2.0.5.RELEASE.jar;C:\env\m2_clone\javax\servlet\javax.servlet-api\4.0.1\javax.servlet-api-4.0.1.jar;C:\env\m2_clone\org\springframework\restdocs\spring-restdocs-core\2.0.5.RELEASE\spring-restdocs-core-2.0.5.RELEASE.jar;"/>
    <property name="sun.cpu.endian" value="little"/>
    <property name="user.home" value="C:\Utilisateurs\A762211"/>
    <property name="user.language" value="fr"/>
    <property name="java.specification.vendor" value="Oracle Corporation"/>
    <property name="java.version.date" value="2020-01-14"/>
    <property name="java.home" value="C:\Javatools\java\jdk-13.0.2"/>
    <property name="file.separator" value="\"/>
    <property name="basedir" value="C:\Utilisateurs\A762211\eclipse-workspace\ocp12-neighborhood-app\ms-neighborhood"/>
    <property name="java.vm.compressedOopsMode" value="Zero based"/>
    <property name="line.separator" value="&#10;"/>
    <property name="java.vm.specification.vendor" value="Oracle Corporation"/>
    <property name="java.specification.name" value="Java Platform API Specification"/>
    <property name="surefire.real.class.path" value="C:\env\tmp-rw\surefire15987314626923429081\surefirebooter13154409210346717233.jar"/>
    <property name="user.script" value=""/>
    <property name="sun.management.compiler" value="HotSpot 64-Bit Tiered Compilers"/>
    <property name="java.runtime.version" value="13.0.2+8"/>
    <property name="user.name" value="A762211"/>
    <property name="path.separator" value=";"/>
    <property name="os.version" value="6.1"/>
    <property name="java.runtime.name" value="Java(TM) SE Runtime Environment"/>
    <property name="file.encoding" value="Cp1252"/>
    <property name="java.vm.name" value="Java HotSpot(TM) 64-Bit Server VM"/>
    <property name="localRepository" value="C:\env\m2_clone"/>
    <property name="java.vendor.url.bug" value="https://bugreport.java.com/bugreport/"/>
    <property name="java.io.tmpdir" value="C:\env\tmp-rw\"/>
    <property name="idea.version" value="2021.1.1"/>
    <property name="java.version" value="13.0.2"/>
    <property name="user.dir" value="C:\Utilisateurs\A762211\eclipse-workspace\ocp12-neighborhood-app\ms-neighborhood"/>
    <property name="os.arch" value="amd64"/>
    <property name="java.vm.specification.name" value="Java Virtual Machine Specification"/>
    <property name="sun.os.patch.level" value="Service Pack 1"/>
    <property name="java.library.path" value="C:\Javatools\java\jdk-13.0.2\bin;C:\WINDOWS\Sun\Java\bin;C:\WINDOWS\system32;C:\WINDOWS;C:\Python27\;C:\Python27\Scripts;C:\Program Files (x86)\Common Files\Oracle\Java\javapath;C:\Program Files (x86)\RSA SecurID Token Common;C:\ProgramData\Oracle\Java\javapath;C:\Program Files (x86)\Intel\iCLS Client\;C:\Program Files\Intel\iCLS Client\;C:\WINDOWS\system32;C:\WINDOWS;C:\WINDOWS\System32\Wbem;C:\WINDOWS\System32\WindowsPowerShell\v1.0\;C:\Program Files (x86)\Intel\UCRT\;C:\Program Files\Intel\UCRT\;C:\Program Files (x86)\Intel\Intel(R) Management Engine Components\DAL;C:\Program Files\Intel\Intel(R) Management Engine Components\DAL;C:\Program Files (x86)\Intel\Intel(R) Management Engine Components\IPT;C:\Program Files\Intel\Intel(R) Management Engine Components\IPT;C:\Program Files (x86)\PuTTY\;C:\Program Files\RedHat\java-1.8.0-openjdk-1.8.0.201-2\bin;C:\Program Files\Git\cmd;C:\Program Files\PuTTY\;C:\wamp64\bin\php\php5.6.40;C:\ProgramData\ComposerSetup\bin;C:\Program Files (x86)\Yarn\bin\;C:\Utilisateurs\A762211\AppData\Roaming\nvm;C:\Program Files\nodejs;C:\Program Files (x86)\Bitvise SSH Client;C:\Program Files\Java\jre7\bin;C:\Javatools\java\jdk1.8.0_11\bin;C:\Utilisateurs\A762211\AppData\Local\atom\bin;node_modules\npm\bin;C:\Utilisateurs\A762211\AppData\Roaming\Composer\vendor\bin;C:\Utilisateurs\A762211\AppData\Local\Yarn\bin;C:\Program Files (x86)\Graphviz2.38\bin;C:\Program Files\MongoDB\Server\4.2\bin;C:\Utilisateurs\A762211\AppData\Local\Programs\Microsoft VS Code\bin;C:\Utilisateurs\A762211\AppData\Roaming\nvm;C:\Program Files\nodejs;C:\env\phantomjs-2.1.1-windows\bin;C:\env\apache-activemq-5.15.10\bin;C:\env\apache-jmeter-5.2.1\bin;C:\env\chromedriver_win32;C:\Program Files\JetBrains\IntelliJ IDEA 2020.1.1\bin;;C:\Program Files\JetBrains\WebStorm 2020.2.3\bin;;C:\env\apache-maven-3.6.3\bin;C:\Program Files (x86)\Docker Toolbox;."/>
    <property name="java.vm.info" value="mixed mode, sharing"/>
    <property name="java.vendor" value="Oracle Corporation"/>
    <property name="java.vm.version" value="13.0.2+8"/>
    <property name="sun.io.unicode.encoding" value="UnicodeLittle"/>
    <property name="java.class.version" value="57.0"/>
  </properties>
  <testcase name="contextLoads" classname="com.neighborhood.msneighborhood.MsNeighborhoodApplicationTests" time="0.943"/>
</testsuite>